<?xml version="1.0" encoding="UTF-8"?>
<!-- Generated by org.testng.reporters.JUnitReportReporter -->
<testsuite hostname="Lenovo" failures="0" tests="3" name="testsrc.EntrataTestScript" time="13.784" errors="0" timestamp="2024-03-01T13:12:23 IST" skipped="0">
  <testcase classname="testsrc.EntrataTestScript" name="stratApplication" time="5.099"/>
  <system-out/>
  <testcase classname="testsrc.EntrataTestScript" name="formInteraction" time="6.220"/>
  <system-out/>
  <testcase classname="testsrc.EntrataTestScript" name="form" time="2.465"/>
  <system-out/>
</testsuite> <!-- testsrc.EntrataTestScript -->
