<?xml version="1.0" encoding="UTF-8"?>
<!-- Generated by org.testng.reporters.JUnitReportReporter -->
<testsuite hostname="Lenovo" failures="0" tests="3" name="testsrc.EntrataTestScript" time="17.358" errors="0" timestamp="2024-03-01T13:37:21 IST" skipped="0">
  <testcase classname="testsrc.EntrataTestScript" name="stratApplication" time="11.881"/>
  <system-out/>
  <testcase classname="testsrc.EntrataTestScript" name="formInteraction" time="4.118"/>
  <system-out/>
  <testcase classname="testsrc.EntrataTestScript" name="form" time="1.359"/>
  <system-out/>
</testsuite> <!-- testsrc.EntrataTestScript -->
